[2016-09-16 10:17:37,655] DEBUG preRegister called. Server=com.sun.jmx.mbeanserver.JmxMBeanServer@b24044e, name=log4j:logger=kafka.controller (kafka.controller)
[2016-09-16 10:21:10,887] INFO [Controller 0]: Controller starting up (kafka.controller.KafkaController)
[2016-09-16 10:21:10,948] INFO [Controller 0]: Broker 0 starting become controller state transition (kafka.controller.KafkaController)
[2016-09-16 10:21:10,957] INFO [Controller 0]: Controller 0 incremented epoch to 1 (kafka.controller.KafkaController)
[2016-09-16 10:21:10,959] DEBUG [Controller 0]: Registering IsrChangeNotificationListener (kafka.controller.KafkaController)
[2016-09-16 10:21:10,990] INFO [Controller 0]: Partitions undergoing preferred replica election:  (kafka.controller.KafkaController)
[2016-09-16 10:21:10,990] INFO [Controller 0]: Partitions that completed preferred replica election:  (kafka.controller.KafkaController)
[2016-09-16 10:21:10,991] INFO [Controller 0]: Resuming preferred replica election for partitions:  (kafka.controller.KafkaController)
[2016-09-16 10:21:10,995] INFO [Controller 0]: Partitions being reassigned: Map() (kafka.controller.KafkaController)
[2016-09-16 10:21:10,995] INFO [Controller 0]: Partitions already reassigned: List() (kafka.controller.KafkaController)
[2016-09-16 10:21:10,996] INFO [Controller 0]: Resuming reassignment of partitions: Map() (kafka.controller.KafkaController)
[2016-09-16 10:21:11,001] INFO [Controller 0]: List of topics to be deleted:  (kafka.controller.KafkaController)
[2016-09-16 10:21:11,001] INFO [Controller 0]: List of topics ineligible for deletion:  (kafka.controller.KafkaController)
[2016-09-16 10:21:11,004] INFO [Controller 0]: Currently active brokers in the cluster: Set() (kafka.controller.KafkaController)
[2016-09-16 10:21:11,005] INFO [Controller 0]: Currently shutting brokers in the cluster: Set() (kafka.controller.KafkaController)
[2016-09-16 10:21:11,006] INFO [Controller 0]: Current list of topics in the cluster: Set() (kafka.controller.KafkaController)
[2016-09-16 10:21:11,010] INFO [Replica state machine on controller 0]: Started replica state machine with initial state -> Map() (kafka.controller.ReplicaStateMachine)
[2016-09-16 10:21:11,017] INFO [Partition state machine on Controller 0]: Started partition state machine with initial state -> Map() (kafka.controller.PartitionStateMachine)
[2016-09-16 10:21:11,019] INFO [Controller 0]: Broker 0 is ready to serve as the new controller with epoch 1 (kafka.controller.KafkaController)
[2016-09-16 10:21:11,020] INFO [Controller 0]: Starting preferred replica leader election for partitions  (kafka.controller.KafkaController)
[2016-09-16 10:21:11,021] INFO [Partition state machine on Controller 0]: Invoking state change to OnlinePartition for partitions  (kafka.controller.PartitionStateMachine)
[2016-09-16 10:21:11,034] INFO [Controller 0]: starting the partition rebalance scheduler (kafka.controller.KafkaController)
[2016-09-16 10:21:11,035] INFO [Controller 0]: Controller startup complete (kafka.controller.KafkaController)
[2016-09-16 10:21:11,264] INFO [BrokerChangeListener on Controller 0]: Broker change listener fired for path /brokers/ids with children 0 (kafka.controller.ReplicaStateMachine$BrokerChangeListener)
[2016-09-16 10:21:11,357] INFO [BrokerChangeListener on Controller 0]: Newly added brokers: 0, deleted brokers: , all live brokers: 0 (kafka.controller.ReplicaStateMachine$BrokerChangeListener)
[2016-09-16 10:21:11,358] DEBUG [Channel manager on controller 0]: Controller 0 trying to connect to broker 0 (kafka.controller.ControllerChannelManager)
[2016-09-16 10:21:11,381] INFO [Controller-0-to-broker-0-send-thread], Starting  (kafka.controller.RequestSendThread)
[2016-09-16 10:21:11,382] INFO [Controller 0]: New broker startup callback for 0 (kafka.controller.KafkaController)
[2016-09-16 10:21:11,423] INFO [Controller-0-to-broker-0-send-thread], Controller 0 connected to rabbit.kafka:9092 (id: 0 rack: null) for sending state change requests (kafka.controller.RequestSendThread)
[2016-09-16 10:21:16,036] TRACE [Controller 0]: checking need to trigger partition rebalance (kafka.controller.KafkaController)
[2016-09-16 10:21:16,039] DEBUG [Controller 0]: preferred replicas by broker Map() (kafka.controller.KafkaController)
[2016-09-16 10:22:11,182] DEBUG [TopicChangeListener on Controller 0]: Topic change listener fired for path /brokers/topics with children test (kafka.controller.PartitionStateMachine$TopicChangeListener)
[2016-09-16 10:22:11,208] INFO [TopicChangeListener on Controller 0]: New topics: [Set(test)], deleted topics: [Set()], new partition replica assignment [Map([test,0] -> List(0))] (kafka.controller.PartitionStateMachine$TopicChangeListener)
[2016-09-16 10:22:11,208] INFO [Controller 0]: New topic creation callback for [test,0] (kafka.controller.KafkaController)
[2016-09-16 10:22:11,212] INFO [Controller 0]: New partition creation callback for [test,0] (kafka.controller.KafkaController)
[2016-09-16 10:22:11,213] INFO [Partition state machine on Controller 0]: Invoking state change to NewPartition for partitions [test,0] (kafka.controller.PartitionStateMachine)
[2016-09-16 10:22:11,217] INFO [Replica state machine on controller 0]: Invoking state change to NewReplica for replicas [Topic=test,Partition=0,Replica=0] (kafka.controller.ReplicaStateMachine)
[2016-09-16 10:22:11,223] INFO [Partition state machine on Controller 0]: Invoking state change to OnlinePartition for partitions [test,0] (kafka.controller.PartitionStateMachine)
[2016-09-16 10:22:11,224] DEBUG [Partition state machine on Controller 0]: Live assigned replicas for partition [test,0] are: [List(0)] (kafka.controller.PartitionStateMachine)
[2016-09-16 10:22:11,228] DEBUG [Partition state machine on Controller 0]: Initializing leader and isr for partition [test,0] to (Leader:0,ISR:0,LeaderEpoch:0,ControllerEpoch:1) (kafka.controller.PartitionStateMachine)
[2016-09-16 10:22:11,252] INFO [Replica state machine on controller 0]: Invoking state change to OnlineReplica for replicas [Topic=test,Partition=0,Replica=0] (kafka.controller.ReplicaStateMachine)
